<?xml version="1.0" encoding="UTF-8"?>
<testsuite xmlns:xsi="http://www.w3.org/2001/XMLSchema-instance" xsi:noNamespaceSchemaLocation="https://maven.apache.org/surefire/maven-surefire-plugin/xsd/surefire-test-report.xsd" name="com.example.flywaydb.InventoryRepositoryTest" time="1.673" tests="1" errors="1" skipped="0" failures="0">
  <properties>
[...]
</properties>
  <testcase name="testFindById" classname="com.example.flywaydb.InventoryRepositoryTest" time="0.065">
    <error message="org.hibernate.PersistentObjectException: detached entity passed to persist: com.example.flywaydb.Inventory" type="javax.persistence.PersistenceException">javax.persistence.PersistenceException: org.hibernate.PersistentObjectException: detached entity passed to persist: com.example.flywaydb.Inventory
	at com.example.flywaydb.InventoryRepositoryTest.testFindById(InventoryRepositoryTest.java:41)
Caused by: org.hibernate.PersistentObjectException: detached entity passed to persist: com.example.flywaydb.Inventory
	at com.example.flywaydb.InventoryRepositoryTest.testFindById(InventoryRepositoryTest.java:41)
</error>
    <system-out><![CDATA[2020-09-22 16:51:39.329  INFO 6884 --- [           main] .b.t.c.SpringBootTestContextBootstrapper : Neither @ContextConfiguration nor @ContextHierarchy found for test class [com.example.flywaydb.InventoryRepositoryTest], using SpringBootContextLoader
2020-09-22 16:51:39.330  INFO 6884 --- [           main] o.s.t.c.support.AbstractContextLoader    : Could not detect default resource locations for test class [com.example.flywaydb.InventoryRepositoryTest]: no resource found for suffixes {-context.xml, Context.groovy}.
2020-09-22 16:51:39.330  INFO 6884 --- [           main] t.c.s.AnnotationConfigContextLoaderUtils : Could not detect default configuration classes for test class [com.example.flywaydb.InventoryRepositoryTest]: InventoryRepositoryTest does not declare any static, non-private, non-final, nested classes annotated with @Configuration.
2020-09-22 16:51:39.407  INFO 6884 --- [           main] .b.t.c.SpringBootTestContextBootstrapper : Found @SpringBootConfiguration com.example.flywaydb.InventoryManagementApplication for test class com.example.flywaydb.InventoryRepositoryTest
2020-09-22 16:51:39.407  INFO 6884 --- [           main] .b.t.c.SpringBootTestContextBootstrapper : Loaded default TestExecutionListener class names from location [META-INF/spring.factories]: [org.springframework.boot.test.mock.mockito.MockitoTestExecutionListener, org.springframework.boot.test.mock.mockito.ResetMocksTestExecutionListener, org.springframework.boot.test.autoconfigure.restdocs.RestDocsTestExecutionListener, org.springframework.boot.test.autoconfigure.web.client.MockRestServiceServerResetTestExecutionListener, org.springframework.boot.test.autoconfigure.web.servlet.MockMvcPrintOnlyOnFailureTestExecutionListener, org.springframework.boot.test.autoconfigure.web.servlet.WebDriverTestExecutionListener, org.springframework.test.context.web.ServletTestExecutionListener, org.springframework.test.context.support.DirtiesContextBeforeModesTestExecutionListener, org.springframework.test.context.support.DependencyInjectionTestExecutionListener, org.springframework.test.context.support.DirtiesContextTestExecutionListener, org.springframework.test.context.transaction.TransactionalTestExecutionListener, org.springframework.test.context.jdbc.SqlScriptsTestExecutionListener]
2020-09-22 16:51:39.408  INFO 6884 --- [           main] .b.t.c.SpringBootTestContextBootstrapper : Using TestExecutionListeners: [org.springframework.test.context.web.ServletTestExecutionListener@114cd97, org.springframework.test.context.support.DirtiesContextBeforeModesTestExecutionListener@1dbed72, org.springframework.boot.test.mock.mockito.MockitoTestExecutionListener@e89bb2, org.springframework.boot.test.autoconfigure.SpringBootDependencyInjectionTestExecutionListener@1fe020d, org.springframework.test.context.support.DirtiesContextTestExecutionListener@830d50, org.springframework.test.context.transaction.TransactionalTestExecutionListener@3dc24f, org.springframework.test.context.jdbc.SqlScriptsTestExecutionListener@a8ff31, org.springframework.boot.test.mock.mockito.ResetMocksTestExecutionListener@1a36c83, org.springframework.boot.test.autoconfigure.restdocs.RestDocsTestExecutionListener@142032a, org.springframework.boot.test.autoconfigure.web.client.MockRestServiceServerResetTestExecutionListener@19d9cb7, org.springframework.boot.test.autoconfigure.web.servlet.MockMvcPrintOnlyOnFailureTestExecutionListener@35ae82, org.springframework.boot.test.autoconfigure.web.servlet.WebDriverTestExecutionListener@b21633]
2020-09-22 16:51:39.656  INFO 6884 --- [           main] s.c.a.AnnotationConfigApplicationContext : Refreshing org.springframework.context.annotation.AnnotationConfigApplicationContext@4d0224: startup date [Tue Sep 22 16:51:39 IST 2020]; root of context hierarchy
2020-09-22 16:51:39.697  INFO 6884 --- [           main] f.a.AutowiredAnnotationBeanPostProcessor : JSR-330 'javax.inject.Inject' annotation found and supported for autowiring
2020-09-22 16:51:39.750  INFO 6884 --- [           main] trationDelegate$BeanPostProcessorChecker : Bean 'configurationPropertiesRebinderAutoConfiguration' of type [org.springframework.cloud.autoconfigure.ConfigurationPropertiesRebinderAutoConfiguration$$EnhancerBySpringCGLIB$$6494496] is not eligible for getting processed by all BeanPostProcessors (for example: not eligible for auto-proxying)

  .   ____          _            __ _ _
 /\\ / ___'_ __ _ _(_)_ __  __ _ \ \ \ \
( ( )\___ | '_ | '_| | '_ \/ _` | \ \ \ \
 \\/  ___)| |_)| | | | | || (_| |  ) ) ) )
  '  |____| .__|_| |_|_| |_\__, | / / / /
 =========|_|==============|___/=/_/_/_/
 :: Spring Boot ::        (v2.0.5.RELEASE)

2020-09-22 16:51:40.093  INFO 6884 --- [           main] c.e.flywaydb.InventoryRepositoryTest     : No active profile set, falling back to default profiles: default
2020-09-22 16:51:40.099  INFO 6884 --- [           main] s.c.a.AnnotationConfigApplicationContext : Refreshing org.springframework.context.annotation.AnnotationConfigApplicationContext@c587ce: startup date [Tue Sep 22 16:51:40 IST 2020]; parent: org.springframework.context.annotation.AnnotationConfigApplicationContext@4d0224
2020-09-22 16:51:40.610  INFO 6884 --- [           main] beddedDataSourceBeanFactoryPostProcessor : Replacing 'dataSource' DataSource bean with embedded version
2020-09-22 16:51:40.611  INFO 6884 --- [           main] o.s.b.f.s.DefaultListableBeanFactory     : Overriding bean definition for bean 'dataSource' with a different definition: replacing [Root bean: class [null]; scope=; abstract=false; lazyInit=false; autowireMode=3; dependencyCheck=0; autowireCandidate=true; primary=false; factoryBeanName=org.springframework.boot.autoconfigure.jdbc.DataSourceConfiguration$Hikari; factoryMethodName=dataSource; initMethodName=null; destroyMethodName=(inferred); defined in class path resource [org/springframework/boot/autoconfigure/jdbc/DataSourceConfiguration$Hikari.class]] with [Root bean: class [org.springframework.boot.test.autoconfigure.jdbc.TestDatabaseAutoConfiguration$EmbeddedDataSourceFactoryBean]; scope=; abstract=false; lazyInit=false; autowireMode=0; dependencyCheck=0; autowireCandidate=true; primary=false; factoryBeanName=null; factoryMethodName=null; initMethodName=null; destroyMethodName=null]
2020-09-22 16:51:40.639  INFO 6884 --- [           main] f.a.AutowiredAnnotationBeanPostProcessor : JSR-330 'javax.inject.Inject' annotation found and supported for autowiring
2020-09-22 16:51:40.766  INFO 6884 --- [           main] o.s.j.d.e.EmbeddedDatabaseFactory        : Starting embedded database: url='jdbc:h2:mem:0e0d1ca1-f1ad-4219-a20b-698f4059610f;DB_CLOSE_DELAY=-1;DB_CLOSE_ON_EXIT=false', username='sa'
2020-09-22 16:51:40.840  INFO 6884 --- [           main] o.s.jdbc.datasource.init.ScriptUtils     : Executing SQL script from URL [file:/N:/Spring/fresco/c2_62_e458_9c4f_4d9f_8894_09fe4e6f5689_master/producer/target/classes/schema.sql]
2020-09-22 16:51:40.889  INFO 6884 --- [           main] o.s.jdbc.datasource.init.ScriptUtils     : Executed SQL script from URL [file:/N:/Spring/fresco/c2_62_e458_9c4f_4d9f_8894_09fe4e6f5689_master/producer/target/classes/schema.sql] in 49 ms.
2020-09-22 16:51:40.891  INFO 6884 --- [           main] o.s.jdbc.datasource.init.ScriptUtils     : Executing SQL script from URL [file:/N:/Spring/fresco/c2_62_e458_9c4f_4d9f_8894_09fe4e6f5689_master/producer/target/classes/data.sql]
2020-09-22 16:51:40.893  INFO 6884 --- [           main] o.s.jdbc.datasource.init.ScriptUtils     : Executed SQL script from URL [file:/N:/Spring/fresco/c2_62_e458_9c4f_4d9f_8894_09fe4e6f5689_master/producer/target/classes/data.sql] in 1 ms.
2020-09-22 16:51:40.964  INFO 6884 --- [           main] j.LocalContainerEntityManagerFactoryBean : Building JPA container EntityManagerFactory for persistence unit 'default'
2020-09-22 16:51:40.965  INFO 6884 --- [           main] o.hibernate.jpa.internal.util.LogHelper  : HHH000204: Processing PersistenceUnitInfo [
	name: default
	...]
2020-09-22 16:51:40.984  INFO 6884 --- [           main] org.hibernate.dialect.Dialect            : HHH000400: Using dialect: org.hibernate.dialect.H2Dialect
Hibernate: drop table inventories if exists
Hibernate: drop sequence if exists hibernate_sequence
Hibernate: create sequence hibernate_sequence start with 1 increment by 1
Hibernate: create table inventories (id integer not null, fare double, product_category varchar(255), product_name varchar(255), primary key (id))
2020-09-22 16:51:41.033  INFO 6884 --- [           main] o.h.t.schema.internal.SchemaCreatorImpl  : HHH000476: Executing import script 'org.hibernate.tool.schema.internal.exec.ScriptSourceInputNonExistentImpl@4aeb09'
2020-09-22 16:51:41.033  INFO 6884 --- [           main] j.LocalContainerEntityManagerFactoryBean : Initialized JPA EntityManagerFactory for persistence unit 'default'
2020-09-22 16:51:41.319  INFO 6884 --- [           main] c.e.flywaydb.InventoryRepositoryTest     : Started InventoryRepositoryTest in 1.907 seconds (JVM running for 28.982)
2020-09-22 16:51:41.382  INFO 6884 --- [           main] o.s.t.c.transaction.TransactionContext   : Began transaction (1) for test context [DefaultTestContext@20e5ab testClass = InventoryRepositoryTest, testInstance = com.example.flywaydb.InventoryRepositoryTest@1f1f330, testMethod = testFindById@InventoryRepositoryTest, testException = [null], mergedContextConfiguration = [MergedContextConfiguration@3fe09c testClass = InventoryRepositoryTest, locations = '{}', classes = '{class com.example.flywaydb.InventoryManagementApplication}', contextInitializerClasses = '[]', activeProfiles = '{}', propertySourceLocations = '{}', propertySourceProperties = '{org.springframework.boot.test.context.SpringBootTestContextBootstrapper=true}', contextCustomizers = set[[ImportsContextCustomizer@1463c56 key = [org.springframework.boot.autoconfigure.cache.CacheAutoConfiguration, org.springframework.boot.autoconfigure.data.jpa.JpaRepositoriesAutoConfiguration, org.springframework.boot.autoconfigure.flyway.FlywayAutoConfiguration, org.springframework.boot.autoconfigure.jdbc.DataSourceAutoConfiguration, org.springframework.boot.autoconfigure.jdbc.DataSourceTransactionManagerAutoConfiguration, org.springframework.boot.autoconfigure.jdbc.JdbcTemplateAutoConfiguration, org.springframework.boot.autoconfigure.liquibase.LiquibaseAutoConfiguration, org.springframework.boot.autoconfigure.orm.jpa.HibernateJpaAutoConfiguration, org.springframework.boot.autoconfigure.transaction.TransactionAutoConfiguration, org.springframework.boot.test.autoconfigure.jdbc.TestDatabaseAutoConfiguration, org.springframework.boot.test.autoconfigure.orm.jpa.TestEntityManagerAutoConfiguration]], org.springframework.boot.test.context.filter.ExcludeFilterContextCustomizer@e136d3, org.springframework.boot.test.json.DuplicateJsonObjectContextCustomizerFactory$DuplicateJsonObjectContextCustomizer@6a205, org.springframework.boot.test.mock.mockito.MockitoContextCustomizer@0, org.springframework.boot.test.autoconfigure.OverrideAutoConfigurationContextCustomizerFactory$DisableAutoConfigurationContextCustomizer@1a3394c, org.springframework.boot.test.autoconfigure.filter.TypeExcludeFiltersContextCustomizer@351584c0, org.springframework.boot.test.autoconfigure.properties.PropertyMappingContextCustomizer@4e5fcf38, org.springframework.boot.test.autoconfigure.web.servlet.WebDriverContextCustomizerFactory$Customizer@c300f1], contextLoader = 'org.springframework.boot.test.context.SpringBootContextLoader', parent = [null]], attributes = map[[empty]]]; transaction manager [org.springframework.orm.jpa.JpaTransactionManager@11f0f26]; rollback [true]
2020-09-22 16:51:41.390  INFO 6884 --- [           main] o.s.t.c.transaction.TransactionContext   : Rolled back transaction for test: [DefaultTestContext@20e5ab testClass = InventoryRepositoryTest, testInstance = com.example.flywaydb.InventoryRepositoryTest@1f1f330, testMethod = testFindById@InventoryRepositoryTest, testException = javax.persistence.PersistenceException: org.hibernate.PersistentObjectException: detached entity passed to persist: com.example.flywaydb.Inventory, mergedContextConfiguration = [MergedContextConfiguration@3fe09c testClass = InventoryRepositoryTest, locations = '{}', classes = '{class com.example.flywaydb.InventoryManagementApplication}', contextInitializerClasses = '[]', activeProfiles = '{}', propertySourceLocations = '{}', propertySourceProperties = '{org.springframework.boot.test.context.SpringBootTestContextBootstrapper=true}', contextCustomizers = set[[ImportsContextCustomizer@1463c56 key = [org.springframework.boot.autoconfigure.cache.CacheAutoConfiguration, org.springframework.boot.autoconfigure.data.jpa.JpaRepositoriesAutoConfiguration, org.springframework.boot.autoconfigure.flyway.FlywayAutoConfiguration, org.springframework.boot.autoconfigure.jdbc.DataSourceAutoConfiguration, org.springframework.boot.autoconfigure.jdbc.DataSourceTransactionManagerAutoConfiguration, org.springframework.boot.autoconfigure.jdbc.JdbcTemplateAutoConfiguration, org.springframework.boot.autoconfigure.liquibase.LiquibaseAutoConfiguration, org.springframework.boot.autoconfigure.orm.jpa.HibernateJpaAutoConfiguration, org.springframework.boot.autoconfigure.transaction.TransactionAutoConfiguration, org.springframework.boot.test.autoconfigure.jdbc.TestDatabaseAutoConfiguration, org.springframework.boot.test.autoconfigure.orm.jpa.TestEntityManagerAutoConfiguration]], org.springframework.boot.test.context.filter.ExcludeFilterContextCustomizer@e136d3, org.springframework.boot.test.json.DuplicateJsonObjectContextCustomizerFactory$DuplicateJsonObjectContextCustomizer@6a205, org.springframework.boot.test.mock.mockito.MockitoContextCustomizer@0, org.springframework.boot.test.autoconfigure.OverrideAutoConfigurationContextCustomizerFactory$DisableAutoConfigurationContextCustomizer@1a3394c, org.springframework.boot.test.autoconfigure.filter.TypeExcludeFiltersContextCustomizer@351584c0, org.springframework.boot.test.autoconfigure.properties.PropertyMappingContextCustomizer@4e5fcf38, org.springframework.boot.test.autoconfigure.web.servlet.WebDriverContextCustomizerFactory$Customizer@c300f1], contextLoader = 'org.springframework.boot.test.context.SpringBootContextLoader', parent = [null]], attributes = map[[empty]]]
]]></system-out>
  </testcase>
</testsuite>